\BOOKMARK [0][-]{chapter.1}{\376\377\0001\000\040\000H\000i\000e\000r\000a\000r\000c\000h\000i\000c\000a\000l\000\040\000I\000n\000d\000e\000x}{}% 1
\BOOKMARK [1][-]{section.1.1}{\376\377\0001\000.\0001\000\040\000C\000l\000a\000s\000s\000\040\000H\000i\000e\000r\000a\000r\000c\000h\000y}{chapter.1}% 2
\BOOKMARK [0][-]{chapter.2}{\376\377\0002\000\040\000C\000l\000a\000s\000s\000\040\000I\000n\000d\000e\000x}{}% 3
\BOOKMARK [1][-]{section.2.1}{\376\377\0002\000.\0001\000\040\000C\000l\000a\000s\000s\000\040\000L\000i\000s\000t}{chapter.2}% 4
\BOOKMARK [0][-]{chapter.3}{\376\377\0003\000\040\000F\000i\000l\000e\000\040\000I\000n\000d\000e\000x}{}% 5
\BOOKMARK [1][-]{section.3.1}{\376\377\0003\000.\0001\000\040\000F\000i\000l\000e\000\040\000L\000i\000s\000t}{chapter.3}% 6
\BOOKMARK [0][-]{chapter.4}{\376\377\0004\000\040\000C\000l\000a\000s\000s\000\040\000D\000o\000c\000u\000m\000e\000n\000t\000a\000t\000i\000o\000n}{}% 7
\BOOKMARK [1][-]{section.4.1}{\376\377\0004\000.\0001\000\040\000a\000c\000c\000o\000u\000n\000t\000\040\000C\000l\000a\000s\000s\000\040\000R\000e\000f\000e\000r\000e\000n\000c\000e}{chapter.4}% 8
\BOOKMARK [2][-]{subsection.4.1.1}{\376\377\0004\000.\0001\000.\0001\000\040\000C\000o\000n\000s\000t\000r\000u\000c\000t\000o\000r\000\040\000\046\000\040\000D\000e\000s\000t\000r\000u\000c\000t\000o\000r\000\040\000D\000o\000c\000u\000m\000e\000n\000t\000a\000t\000i\000o\000n}{section.4.1}% 9
\BOOKMARK [3][-]{subsubsection.4.1.1.1}{\376\377\0004\000.\0001\000.\0001\000.\0001\000\040\000a\000c\000c\000o\000u\000n\000t\000\050\000\051}{subsection.4.1.1}% 10
\BOOKMARK [1][-]{section.4.2}{\376\377\0004\000.\0002\000\040\000a\000c\000c\000o\000u\000n\000t\000\137\000d\000a\000s\000h\000b\000o\000a\000r\000d\000\040\000C\000l\000a\000s\000s\000\040\000R\000e\000f\000e\000r\000e\000n\000c\000e}{chapter.4}% 11
\BOOKMARK [2][-]{subsection.4.2.1}{\376\377\0004\000.\0002\000.\0001\000\040\000C\000o\000n\000s\000t\000r\000u\000c\000t\000o\000r\000\040\000\046\000\040\000D\000e\000s\000t\000r\000u\000c\000t\000o\000r\000\040\000D\000o\000c\000u\000m\000e\000n\000t\000a\000t\000i\000o\000n}{section.4.2}% 12
\BOOKMARK [3][-]{subsubsection.4.2.1.1}{\376\377\0004\000.\0002\000.\0001\000.\0001\000\040\000a\000c\000c\000o\000u\000n\000t\000\137\000d\000a\000s\000h\000b\000o\000a\000r\000d\000\050\000\051}{subsection.4.2.1}% 13
\BOOKMARK [1][-]{section.4.3}{\376\377\0004\000.\0003\000\040\000a\000c\000c\000o\000u\000n\000t\000\137\000s\000i\000d\000e\000b\000a\000r\000\040\000C\000l\000a\000s\000s\000\040\000R\000e\000f\000e\000r\000e\000n\000c\000e}{chapter.4}% 14
\BOOKMARK [2][-]{subsection.4.3.1}{\376\377\0004\000.\0003\000.\0001\000\040\000C\000o\000n\000s\000t\000r\000u\000c\000t\000o\000r\000\040\000\046\000\040\000D\000e\000s\000t\000r\000u\000c\000t\000o\000r\000\040\000D\000o\000c\000u\000m\000e\000n\000t\000a\000t\000i\000o\000n}{section.4.3}% 15
\BOOKMARK [3][-]{subsubsection.4.3.1.1}{\376\377\0004\000.\0003\000.\0001\000.\0001\000\040\000a\000c\000c\000o\000u\000n\000t\000\137\000s\000i\000d\000e\000b\000a\000r\000\050\000\051}{subsection.4.3.1}% 16
\BOOKMARK [1][-]{section.4.4}{\376\377\0004\000.\0004\000\040\000b\000u\000t\000b\000\040\000C\000l\000a\000s\000s\000\040\000R\000e\000f\000e\000r\000e\000n\000c\000e}{chapter.4}% 17
\BOOKMARK [2][-]{subsection.4.4.1}{\376\377\0004\000.\0004\000.\0001\000\040\000C\000o\000n\000s\000t\000r\000u\000c\000t\000o\000r\000\040\000\046\000\040\000D\000e\000s\000t\000r\000u\000c\000t\000o\000r\000\040\000D\000o\000c\000u\000m\000e\000n\000t\000a\000t\000i\000o\000n}{section.4.4}% 18
\BOOKMARK [3][-]{subsubsection.4.4.1.1}{\376\377\0004\000.\0004\000.\0001\000.\0001\000\040\000b\000u\000t\000b\000\050\000\051}{subsection.4.4.1}% 19
\BOOKMARK [1][-]{section.4.5}{\376\377\0004\000.\0005\000\040\000b\000u\000t\000b\000l\000a\000c\000k\000\040\000C\000l\000a\000s\000s\000\040\000R\000e\000f\000e\000r\000e\000n\000c\000e}{chapter.4}% 20
\BOOKMARK [2][-]{subsection.4.5.1}{\376\377\0004\000.\0005\000.\0001\000\040\000C\000o\000n\000s\000t\000r\000u\000c\000t\000o\000r\000\040\000\046\000\040\000D\000e\000s\000t\000r\000u\000c\000t\000o\000r\000\040\000D\000o\000c\000u\000m\000e\000n\000t\000a\000t\000i\000o\000n}{section.4.5}% 21
\BOOKMARK [3][-]{subsubsection.4.5.1.1}{\376\377\0004\000.\0005\000.\0001\000.\0001\000\040\000b\000u\000t\000b\000l\000a\000c\000k\000\050\000\051}{subsection.4.5.1}% 22
\BOOKMARK [1][-]{section.4.6}{\376\377\0004\000.\0006\000\040\000b\000u\000t\000g\000\040\000C\000l\000a\000s\000s\000\040\000R\000e\000f\000e\000r\000e\000n\000c\000e}{chapter.4}% 23
\BOOKMARK [2][-]{subsection.4.6.1}{\376\377\0004\000.\0006\000.\0001\000\040\000C\000o\000n\000s\000t\000r\000u\000c\000t\000o\000r\000\040\000\046\000\040\000D\000e\000s\000t\000r\000u\000c\000t\000o\000r\000\040\000D\000o\000c\000u\000m\000e\000n\000t\000a\000t\000i\000o\000n}{section.4.6}% 24
\BOOKMARK [3][-]{subsubsection.4.6.1.1}{\376\377\0004\000.\0006\000.\0001\000.\0001\000\040\000b\000u\000t\000g\000\050\000\051}{subsection.4.6.1}% 25
\BOOKMARK [1][-]{section.4.7}{\376\377\0004\000.\0007\000\040\000b\000u\000t\000p\000\040\000C\000l\000a\000s\000s\000\040\000R\000e\000f\000e\000r\000e\000n\000c\000e}{chapter.4}% 26
\BOOKMARK [2][-]{subsection.4.7.1}{\376\377\0004\000.\0007\000.\0001\000\040\000C\000o\000n\000s\000t\000r\000u\000c\000t\000o\000r\000\040\000\046\000\040\000D\000e\000s\000t\000r\000u\000c\000t\000o\000r\000\040\000D\000o\000c\000u\000m\000e\000n\000t\000a\000t\000i\000o\000n}{section.4.7}% 27
\BOOKMARK [3][-]{subsubsection.4.7.1.1}{\376\377\0004\000.\0007\000.\0001\000.\0001\000\040\000b\000u\000t\000p\000\050\000\051}{subsection.4.7.1}% 28
\BOOKMARK [1][-]{section.4.8}{\376\377\0004\000.\0008\000\040\000C\000e\000n\000t\000e\000r\000i\000n\000g\000\040\000C\000l\000a\000s\000s\000\040\000R\000e\000f\000e\000r\000e\000n\000c\000e}{chapter.4}% 29
\BOOKMARK [2][-]{subsection.4.8.1}{\376\377\0004\000.\0008\000.\0001\000\040\000C\000o\000n\000s\000t\000r\000u\000c\000t\000o\000r\000\040\000\046\000\040\000D\000e\000s\000t\000r\000u\000c\000t\000o\000r\000\040\000D\000o\000c\000u\000m\000e\000n\000t\000a\000t\000i\000o\000n}{section.4.8}% 30
\BOOKMARK [3][-]{subsubsection.4.8.1.1}{\376\377\0004\000.\0008\000.\0001\000.\0001\000\040\000C\000e\000n\000t\000e\000r\000i\000n\000g\000\050\000\051}{subsection.4.8.1}% 31
\BOOKMARK [2][-]{subsection.4.8.2}{\376\377\0004\000.\0008\000.\0002\000\040\000M\000e\000m\000b\000e\000r\000\040\000F\000u\000n\000c\000t\000i\000o\000n\000\040\000D\000o\000c\000u\000m\000e\000n\000t\000a\000t\000i\000o\000n}{section.4.8}% 32
\BOOKMARK [3][-]{subsubsection.4.8.2.1}{\376\377\0004\000.\0008\000.\0002\000.\0001\000\040\000c\000e\000n\000t\000e\000r\000W\000i\000d\000g\000e\000t\000\050\000\051}{subsection.4.8.2}% 33
\BOOKMARK [1][-]{section.4.9}{\376\377\0004\000.\0009\000\040\000g\0001\000\137\000i\000n\000f\000o\000\040\000C\000l\000a\000s\000s\000\040\000R\000e\000f\000e\000r\000e\000n\000c\000e}{chapter.4}% 34
\BOOKMARK [2][-]{subsection.4.9.1}{\376\377\0004\000.\0009\000.\0001\000\040\000C\000o\000n\000s\000t\000r\000u\000c\000t\000o\000r\000\040\000\046\000\040\000D\000e\000s\000t\000r\000u\000c\000t\000o\000r\000\040\000D\000o\000c\000u\000m\000e\000n\000t\000a\000t\000i\000o\000n}{section.4.9}% 35
\BOOKMARK [3][-]{subsubsection.4.9.1.1}{\376\377\0004\000.\0009\000.\0001\000.\0001\000\040\000g\0001\000\137\000i\000n\000f\000o\000\050\000\051}{subsection.4.9.1}% 36
\BOOKMARK [1][-]{section.4.10}{\376\377\0004\000.\0001\0000\000\040\000g\0001\000\137\000s\000e\000t\000t\000i\000n\000g\000s\000\040\000C\000l\000a\000s\000s\000\040\000R\000e\000f\000e\000r\000e\000n\000c\000e}{chapter.4}% 37
\BOOKMARK [2][-]{subsection.4.10.1}{\376\377\0004\000.\0001\0000\000.\0001\000\040\000C\000o\000n\000s\000t\000r\000u\000c\000t\000o\000r\000\040\000\046\000\040\000D\000e\000s\000t\000r\000u\000c\000t\000o\000r\000\040\000D\000o\000c\000u\000m\000e\000n\000t\000a\000t\000i\000o\000n}{section.4.10}% 38
\BOOKMARK [3][-]{subsubsection.4.10.1.1}{\376\377\0004\000.\0001\0000\000.\0001\000.\0001\000\040\000g\0001\000\137\000s\000e\000t\000t\000i\000n\000g\000s\000\050\000\051}{subsection.4.10.1}% 39
\BOOKMARK [1][-]{section.4.11}{\376\377\0004\000.\0001\0001\000\040\000g\0001\000\137\000s\000e\000t\000u\000p\000\040\000C\000l\000a\000s\000s\000\040\000R\000e\000f\000e\000r\000e\000n\000c\000e}{chapter.4}% 40
\BOOKMARK [2][-]{subsection.4.11.1}{\376\377\0004\000.\0001\0001\000.\0001\000\040\000C\000o\000n\000s\000t\000r\000u\000c\000t\000o\000r\000\040\000\046\000\040\000D\000e\000s\000t\000r\000u\000c\000t\000o\000r\000\040\000D\000o\000c\000u\000m\000e\000n\000t\000a\000t\000i\000o\000n}{section.4.11}% 41
\BOOKMARK [3][-]{subsubsection.4.11.1.1}{\376\377\0004\000.\0001\0001\000.\0001\000.\0001\000\040\000g\0001\000\137\000s\000e\000t\000u\000p\000\050\000\051}{subsection.4.11.1}% 42
\BOOKMARK [1][-]{section.4.12}{\376\377\0004\000.\0001\0002\000\040\000g\0001\000\137\000s\000t\000a\000r\000t\000m\000e\000n\000u\000\040\000C\000l\000a\000s\000s\000\040\000R\000e\000f\000e\000r\000e\000n\000c\000e}{chapter.4}% 43
\BOOKMARK [2][-]{subsection.4.12.1}{\376\377\0004\000.\0001\0002\000.\0001\000\040\000C\000o\000n\000s\000t\000r\000u\000c\000t\000o\000r\000\040\000\046\000\040\000D\000e\000s\000t\000r\000u\000c\000t\000o\000r\000\040\000D\000o\000c\000u\000m\000e\000n\000t\000a\000t\000i\000o\000n}{section.4.12}% 44
\BOOKMARK [3][-]{subsubsection.4.12.1.1}{\376\377\0004\000.\0001\0002\000.\0001\000.\0001\000\040\000g\0001\000\137\000s\000t\000a\000r\000t\000m\000e\000n\000u\000\050\000\051}{subsection.4.12.1}% 45
\BOOKMARK [1][-]{section.4.13}{\376\377\0004\000.\0001\0003\000\040\000g\0002\000\137\000s\000e\000t\000t\000i\000n\000g\000s\000\040\000C\000l\000a\000s\000s\000\040\000R\000e\000f\000e\000r\000e\000n\000c\000e}{chapter.4}% 46
\BOOKMARK [2][-]{subsection.4.13.1}{\376\377\0004\000.\0001\0003\000.\0001\000\040\000C\000o\000n\000s\000t\000r\000u\000c\000t\000o\000r\000\040\000\046\000\040\000D\000e\000s\000t\000r\000u\000c\000t\000o\000r\000\040\000D\000o\000c\000u\000m\000e\000n\000t\000a\000t\000i\000o\000n}{section.4.13}% 47
\BOOKMARK [3][-]{subsubsection.4.13.1.1}{\376\377\0004\000.\0001\0003\000.\0001\000.\0001\000\040\000g\0002\000\137\000s\000e\000t\000t\000i\000n\000g\000s\000\050\000\051}{subsection.4.13.1}% 48
\BOOKMARK [1][-]{section.4.14}{\376\377\0004\000.\0001\0004\000\040\000g\0002\000\137\000s\000e\000t\000u\000p\000\040\000C\000l\000a\000s\000s\000\040\000R\000e\000f\000e\000r\000e\000n\000c\000e}{chapter.4}% 49
\BOOKMARK [2][-]{subsection.4.14.1}{\376\377\0004\000.\0001\0004\000.\0001\000\040\000C\000o\000n\000s\000t\000r\000u\000c\000t\000o\000r\000\040\000\046\000\040\000D\000e\000s\000t\000r\000u\000c\000t\000o\000r\000\040\000D\000o\000c\000u\000m\000e\000n\000t\000a\000t\000i\000o\000n}{section.4.14}% 50
\BOOKMARK [3][-]{subsubsection.4.14.1.1}{\376\377\0004\000.\0001\0004\000.\0001\000.\0001\000\040\000g\0002\000\137\000s\000e\000t\000u\000p\000\050\000\051}{subsection.4.14.1}% 51
\BOOKMARK [1][-]{section.4.15}{\376\377\0004\000.\0001\0005\000\040\000g\0002\000\137\000s\000t\000a\000r\000t\000m\000e\000n\000u\000\040\000C\000l\000a\000s\000s\000\040\000R\000e\000f\000e\000r\000e\000n\000c\000e}{chapter.4}% 52
\BOOKMARK [2][-]{subsection.4.15.1}{\376\377\0004\000.\0001\0005\000.\0001\000\040\000C\000o\000n\000s\000t\000r\000u\000c\000t\000o\000r\000\040\000\046\000\040\000D\000e\000s\000t\000r\000u\000c\000t\000o\000r\000\040\000D\000o\000c\000u\000m\000e\000n\000t\000a\000t\000i\000o\000n}{section.4.15}% 53
\BOOKMARK [3][-]{subsubsection.4.15.1.1}{\376\377\0004\000.\0001\0005\000.\0001\000.\0001\000\040\000g\0002\000\137\000s\000t\000a\000r\000t\000m\000e\000n\000u\000\050\000\051}{subsection.4.15.1}% 54
\BOOKMARK [1][-]{section.4.16}{\376\377\0004\000.\0001\0006\000\040\000g\000a\000m\000e\000L\000o\000s\000t\000\040\000C\000l\000a\000s\000s\000\040\000R\000e\000f\000e\000r\000e\000n\000c\000e}{chapter.4}% 55
\BOOKMARK [2][-]{subsection.4.16.1}{\376\377\0004\000.\0001\0006\000.\0001\000\040\000C\000o\000n\000s\000t\000r\000u\000c\000t\000o\000r\000\040\000\046\000\040\000D\000e\000s\000t\000r\000u\000c\000t\000o\000r\000\040\000D\000o\000c\000u\000m\000e\000n\000t\000a\000t\000i\000o\000n}{section.4.16}% 56
\BOOKMARK [3][-]{subsubsection.4.16.1.1}{\376\377\0004\000.\0001\0006\000.\0001\000.\0001\000\040\000g\000a\000m\000e\000L\000o\000s\000t\000\050\000\051}{subsection.4.16.1}% 57
\BOOKMARK [1][-]{section.4.17}{\376\377\0004\000.\0001\0007\000\040\000g\000a\000m\000e\000W\000o\000n\000\040\000C\000l\000a\000s\000s\000\040\000R\000e\000f\000e\000r\000e\000n\000c\000e}{chapter.4}% 58
\BOOKMARK [2][-]{subsection.4.17.1}{\376\377\0004\000.\0001\0007\000.\0001\000\040\000C\000o\000n\000s\000t\000r\000u\000c\000t\000o\000r\000\040\000\046\000\040\000D\000e\000s\000t\000r\000u\000c\000t\000o\000r\000\040\000D\000o\000c\000u\000m\000e\000n\000t\000a\000t\000i\000o\000n}{section.4.17}% 59
\BOOKMARK [3][-]{subsubsection.4.17.1.1}{\376\377\0004\000.\0001\0007\000.\0001\000.\0001\000\040\000g\000a\000m\000e\000W\000o\000n\000\050\000\051}{subsection.4.17.1}% 60
\BOOKMARK [1][-]{section.4.18}{\376\377\0004\000.\0001\0008\000\040\000j\000s\000o\000n\000h\000a\000n\000d\000l\000e\000r\000\040\000C\000l\000a\000s\000s\000\040\000R\000e\000f\000e\000r\000e\000n\000c\000e}{chapter.4}% 61
\BOOKMARK [2][-]{subsection.4.18.1}{\376\377\0004\000.\0001\0008\000.\0001\000\040\000C\000o\000n\000s\000t\000r\000u\000c\000t\000o\000r\000\040\000\046\000\040\000D\000e\000s\000t\000r\000u\000c\000t\000o\000r\000\040\000D\000o\000c\000u\000m\000e\000n\000t\000a\000t\000i\000o\000n}{section.4.18}% 62
\BOOKMARK [3][-]{subsubsection.4.18.1.1}{\376\377\0004\000.\0001\0008\000.\0001\000.\0001\000\040\000j\000s\000o\000n\000h\000a\000n\000d\000l\000e\000r\000\050\000\051}{subsection.4.18.1}% 63
\BOOKMARK [2][-]{subsection.4.18.2}{\376\377\0004\000.\0001\0008\000.\0002\000\040\000M\000e\000m\000b\000e\000r\000\040\000F\000u\000n\000c\000t\000i\000o\000n\000\040\000D\000o\000c\000u\000m\000e\000n\000t\000a\000t\000i\000o\000n}{section.4.18}% 64
\BOOKMARK [3][-]{subsubsection.4.18.2.1}{\376\377\0004\000.\0001\0008\000.\0002\000.\0001\000\040\000c\000h\000e\000c\000k\000U\000s\000e\000r\000\050\000\051\000\040\000[\0001\000/\0002\000]}{subsection.4.18.2}% 65
\BOOKMARK [3][-]{subsubsection.4.18.2.2}{\376\377\0004\000.\0001\0008\000.\0002\000.\0002\000\040\000c\000h\000e\000c\000k\000U\000s\000e\000r\000\050\000\051\000\040\000[\0002\000/\0002\000]}{subsection.4.18.2}% 66
\BOOKMARK [3][-]{subsubsection.4.18.2.3}{\376\377\0004\000.\0001\0008\000.\0002\000.\0003\000\040\000g\000e\000t\000B\000g\000C\000o\000l\000o\000r\000\050\000\051}{subsection.4.18.2}% 67
\BOOKMARK [3][-]{subsubsection.4.18.2.4}{\376\377\0004\000.\0001\0008\000.\0002\000.\0004\000\040\000g\000e\000t\000B\000g\000I\000m\000g\000\050\000\051}{subsection.4.18.2}% 68
\BOOKMARK [3][-]{subsubsection.4.18.2.5}{\376\377\0004\000.\0001\0008\000.\0002\000.\0005\000\040\000g\000e\000t\000G\000l\000o\000b\000a\000l\000H\000S\000A\000n\000d\000R\000a\000n\000k\000\050\000\051}{subsection.4.18.2}% 69
\BOOKMARK [3][-]{subsubsection.4.18.2.6}{\376\377\0004\000.\0001\0008\000.\0002\000.\0006\000\040\000g\000e\000t\000H\000i\000g\000h\000s\000c\000o\000r\000e\000\050\000\051}{subsection.4.18.2}% 70
\BOOKMARK [3][-]{subsubsection.4.18.2.7}{\376\377\0004\000.\0001\0008\000.\0002\000.\0007\000\040\000g\000e\000t\000S\000c\000o\000r\000e\000s\000A\000r\000r\000\050\000\051}{subsection.4.18.2}% 71
\BOOKMARK [3][-]{subsubsection.4.18.2.8}{\376\377\0004\000.\0001\0008\000.\0002\000.\0008\000\040\000i\000n\000s\000e\000r\000t\000U\000s\000e\000r\000\050\000\051}{subsection.4.18.2}% 72
\BOOKMARK [3][-]{subsubsection.4.18.2.9}{\376\377\0004\000.\0001\0008\000.\0002\000.\0009\000\040\000r\000e\000a\000d\000F\000i\000l\000e\000\050\000\051}{subsection.4.18.2}% 73
\BOOKMARK [3][-]{subsubsection.4.18.2.10}{\376\377\0004\000.\0001\0008\000.\0002\000.\0001\0000\000\040\000u\000p\000d\000a\000t\000e\000B\000o\000n\000u\000s\000\050\000\051}{subsection.4.18.2}% 74
\BOOKMARK [3][-]{subsubsection.4.18.2.11}{\376\377\0004\000.\0001\0008\000.\0002\000.\0001\0001\000\040\000u\000p\000d\000a\000t\000e\000S\000c\000o\000r\000e\000s\000\050\000\051}{subsection.4.18.2}% 75
\BOOKMARK [3][-]{subsubsection.4.18.2.12}{\376\377\0004\000.\0001\0008\000.\0002\000.\0001\0002\000\040\000u\000p\000d\000a\000t\000e\000U\000s\000e\000r\000a\000r\000r\000\050\000\051}{subsection.4.18.2}% 76
\BOOKMARK [3][-]{subsubsection.4.18.2.13}{\376\377\0004\000.\0001\0008\000.\0002\000.\0001\0003\000\040\000w\000r\000i\000t\000e\000F\000i\000l\000e\000\050\000\051}{subsection.4.18.2}% 77
\BOOKMARK [1][-]{section.4.19}{\376\377\0004\000.\0001\0009\000\040\000m\000a\000i\000n\000\040\000C\000l\000a\000s\000s\000\040\000R\000e\000f\000e\000r\000e\000n\000c\000e}{chapter.4}% 78
\BOOKMARK [1][-]{section.4.20}{\376\377\0004\000.\0002\0000\000\040\000n\000o\000T\000u\000r\000n\000s\000\040\000C\000l\000a\000s\000s\000\040\000R\000e\000f\000e\000r\000e\000n\000c\000e}{chapter.4}% 79
\BOOKMARK [2][-]{subsection.4.20.1}{\376\377\0004\000.\0002\0000\000.\0001\000\040\000C\000o\000n\000s\000t\000r\000u\000c\000t\000o\000r\000\040\000\046\000\040\000D\000e\000s\000t\000r\000u\000c\000t\000o\000r\000\040\000D\000o\000c\000u\000m\000e\000n\000t\000a\000t\000i\000o\000n}{section.4.20}% 80
\BOOKMARK [3][-]{subsubsection.4.20.1.1}{\376\377\0004\000.\0002\0000\000.\0001\000.\0001\000\040\000n\000o\000T\000u\000r\000n\000s\000\050\000\051}{subsection.4.20.1}% 81
\BOOKMARK [1][-]{section.4.21}{\376\377\0004\000.\0002\0001\000\040\000p\000l\000a\000y\000a\000s\000g\000u\000e\000s\000t\000\040\000C\000l\000a\000s\000s\000\040\000R\000e\000f\000e\000r\000e\000n\000c\000e}{chapter.4}% 82
\BOOKMARK [2][-]{subsection.4.21.1}{\376\377\0004\000.\0002\0001\000.\0001\000\040\000C\000o\000n\000s\000t\000r\000u\000c\000t\000o\000r\000\040\000\046\000\040\000D\000e\000s\000t\000r\000u\000c\000t\000o\000r\000\040\000D\000o\000c\000u\000m\000e\000n\000t\000a\000t\000i\000o\000n}{section.4.21}% 83
\BOOKMARK [3][-]{subsubsection.4.21.1.1}{\376\377\0004\000.\0002\0001\000.\0001\000.\0001\000\040\000p\000l\000a\000y\000a\000s\000g\000u\000e\000s\000t\000\050\000\051}{subsection.4.21.1}% 84
\BOOKMARK [1][-]{section.4.22}{\376\377\0004\000.\0002\0002\000\040\000q\000u\000e\000s\000t\000s\000\040\000C\000l\000a\000s\000s\000\040\000R\000e\000f\000e\000r\000e\000n\000c\000e}{chapter.4}% 85
\BOOKMARK [2][-]{subsection.4.22.1}{\376\377\0004\000.\0002\0002\000.\0001\000\040\000C\000o\000n\000s\000t\000r\000u\000c\000t\000o\000r\000\040\000\046\000\040\000D\000e\000s\000t\000r\000u\000c\000t\000o\000r\000\040\000D\000o\000c\000u\000m\000e\000n\000t\000a\000t\000i\000o\000n}{section.4.22}% 86
\BOOKMARK [3][-]{subsubsection.4.22.1.1}{\376\377\0004\000.\0002\0002\000.\0001\000.\0001\000\040\000q\000u\000e\000s\000t\000s\000\050\000\051}{subsection.4.22.1}% 87
\BOOKMARK [2][-]{subsection.4.22.2}{\376\377\0004\000.\0002\0002\000.\0002\000\040\000M\000e\000m\000b\000e\000r\000\040\000F\000u\000n\000c\000t\000i\000o\000n\000\040\000D\000o\000c\000u\000m\000e\000n\000t\000a\000t\000i\000o\000n}{section.4.22}% 88
\BOOKMARK [3][-]{subsubsection.4.22.2.1}{\376\377\0004\000.\0002\0002\000.\0002\000.\0001\000\040\000g\000e\000t\000q\000u\000e\000s\000t\000\050\000\051}{subsection.4.22.2}% 89
\BOOKMARK [3][-]{subsubsection.4.22.2.2}{\376\377\0004\000.\0002\0002\000.\0002\000.\0002\000\040\000m\000a\000p\000d\000i\000f\000f\000\050\000\051}{subsection.4.22.2}% 90
\BOOKMARK [3][-]{subsubsection.4.22.2.3}{\376\377\0004\000.\0002\0002\000.\0002\000.\0003\000\040\000m\000a\000p\000t\000o\000p\000\050\000\051}{subsection.4.22.2}% 91
\BOOKMARK [3][-]{subsubsection.4.22.2.4}{\376\377\0004\000.\0002\0002\000.\0002\000.\0004\000\040\000s\000e\000t\000q\000u\000e\000s\000t\000s\000\050\000\051}{subsection.4.22.2}% 92
\BOOKMARK [1][-]{section.4.23}{\376\377\0004\000.\0002\0003\000\040\000s\000c\000e\000n\000e\0001\000\040\000C\000l\000a\000s\000s\000\040\000R\000e\000f\000e\000r\000e\000n\000c\000e}{chapter.4}% 93
\BOOKMARK [2][-]{subsection.4.23.1}{\376\377\0004\000.\0002\0003\000.\0001\000\040\000C\000o\000n\000s\000t\000r\000u\000c\000t\000o\000r\000\040\000\046\000\040\000D\000e\000s\000t\000r\000u\000c\000t\000o\000r\000\040\000D\000o\000c\000u\000m\000e\000n\000t\000a\000t\000i\000o\000n}{section.4.23}% 94
\BOOKMARK [3][-]{subsubsection.4.23.1.1}{\376\377\0004\000.\0002\0003\000.\0001\000.\0001\000\040\000s\000c\000e\000n\000e\0001\000\050\000\051}{subsection.4.23.1}% 95
\BOOKMARK [1][-]{section.4.24}{\376\377\0004\000.\0002\0004\000\040\000s\000i\000g\000n\000i\000n\000P\000a\000g\000e\000\040\000C\000l\000a\000s\000s\000\040\000R\000e\000f\000e\000r\000e\000n\000c\000e}{chapter.4}% 96
\BOOKMARK [2][-]{subsection.4.24.1}{\376\377\0004\000.\0002\0004\000.\0001\000\040\000C\000o\000n\000s\000t\000r\000u\000c\000t\000o\000r\000\040\000\046\000\040\000D\000e\000s\000t\000r\000u\000c\000t\000o\000r\000\040\000D\000o\000c\000u\000m\000e\000n\000t\000a\000t\000i\000o\000n}{section.4.24}% 97
\BOOKMARK [3][-]{subsubsection.4.24.1.1}{\376\377\0004\000.\0002\0004\000.\0001\000.\0001\000\040\000s\000i\000g\000n\000i\000n\000P\000a\000g\000e\000\050\000\051}{subsection.4.24.1}% 98
\BOOKMARK [1][-]{section.4.25}{\376\377\0004\000.\0002\0005\000\040\000s\000i\000g\000n\000u\000p\000\137\000s\000c\000e\000n\000e\000\040\000C\000l\000a\000s\000s\000\040\000R\000e\000f\000e\000r\000e\000n\000c\000e}{chapter.4}% 99
\BOOKMARK [1][-]{section.4.26}{\376\377\0004\000.\0002\0006\000\040\000s\000i\000g\000n\000u\000p\000P\000a\000g\000e\000\040\000C\000l\000a\000s\000s\000\040\000R\000e\000f\000e\000r\000e\000n\000c\000e}{chapter.4}% 100
\BOOKMARK [2][-]{subsection.4.26.1}{\376\377\0004\000.\0002\0006\000.\0001\000\040\000C\000o\000n\000s\000t\000r\000u\000c\000t\000o\000r\000\040\000\046\000\040\000D\000e\000s\000t\000r\000u\000c\000t\000o\000r\000\040\000D\000o\000c\000u\000m\000e\000n\000t\000a\000t\000i\000o\000n}{section.4.26}% 101
\BOOKMARK [3][-]{subsubsection.4.26.1.1}{\376\377\0004\000.\0002\0006\000.\0001\000.\0001\000\040\000s\000i\000g\000n\000u\000p\000P\000a\000g\000e\000\050\000\051}{subsection.4.26.1}% 102
\BOOKMARK [1][-]{section.4.27}{\376\377\0004\000.\0002\0007\000\040\000t\000i\000m\000e\000U\000p\000\040\000C\000l\000a\000s\000s\000\040\000R\000e\000f\000e\000r\000e\000n\000c\000e}{chapter.4}% 103
\BOOKMARK [2][-]{subsection.4.27.1}{\376\377\0004\000.\0002\0007\000.\0001\000\040\000C\000o\000n\000s\000t\000r\000u\000c\000t\000o\000r\000\040\000\046\000\040\000D\000e\000s\000t\000r\000u\000c\000t\000o\000r\000\040\000D\000o\000c\000u\000m\000e\000n\000t\000a\000t\000i\000o\000n}{section.4.27}% 104
\BOOKMARK [3][-]{subsubsection.4.27.1.1}{\376\377\0004\000.\0002\0007\000.\0001\000.\0001\000\040\000t\000i\000m\000e\000U\000p\000\050\000\051}{subsection.4.27.1}% 105
\BOOKMARK [2][-]{subsection.4.27.2}{\376\377\0004\000.\0002\0007\000.\0002\000\040\000M\000e\000m\000b\000e\000r\000\040\000F\000u\000n\000c\000t\000i\000o\000n\000\040\000D\000o\000c\000u\000m\000e\000n\000t\000a\000t\000i\000o\000n}{section.4.27}% 106
\BOOKMARK [3][-]{subsubsection.4.27.2.1}{\376\377\0004\000.\0002\0007\000.\0002\000.\0001\000\040\000c\000o\000m\000p\000u\000t\000e\000B\000o\000n\000u\000s\000\050\000\051}{subsection.4.27.2}% 107
\BOOKMARK [0][-]{chapter.5}{\376\377\0005\000\040\000F\000i\000l\000e\000\040\000D\000o\000c\000u\000m\000e\000n\000t\000a\000t\000i\000o\000n}{}% 108
\BOOKMARK [1][-]{section.5.1}{\376\377\0005\000.\0001\000\040\000a\000c\000c\000o\000u\000n\000t\000.\000c\000p\000p\000\040\000F\000i\000l\000e\000\040\000R\000e\000f\000e\000r\000e\000n\000c\000e}{chapter.5}% 109
\BOOKMARK [2][-]{subsection.5.1.1}{\376\377\0005\000.\0001\000.\0001\000\040\000D\000e\000t\000a\000i\000l\000e\000d\000\040\000D\000e\000s\000c\000r\000i\000p\000t\000i\000o\000n}{section.5.1}% 110
\BOOKMARK [1][-]{section.5.2}{\376\377\0005\000.\0002\000\040\000a\000c\000c\000o\000u\000n\000t\000.\000h\000\040\000F\000i\000l\000e\000\040\000R\000e\000f\000e\000r\000e\000n\000c\000e}{chapter.5}% 111
\BOOKMARK [2][-]{subsection.5.2.1}{\376\377\0005\000.\0002\000.\0001\000\040\000D\000e\000t\000a\000i\000l\000e\000d\000\040\000D\000e\000s\000c\000r\000i\000p\000t\000i\000o\000n}{section.5.2}% 112
\BOOKMARK [1][-]{section.5.3}{\376\377\0005\000.\0003\000\040\000a\000c\000c\000o\000u\000n\000t\000\137\000d\000a\000s\000h\000b\000o\000a\000r\000d\000.\000c\000p\000p\000\040\000F\000i\000l\000e\000\040\000R\000e\000f\000e\000r\000e\000n\000c\000e}{chapter.5}% 113
\BOOKMARK [2][-]{subsection.5.3.1}{\376\377\0005\000.\0003\000.\0001\000\040\000D\000e\000t\000a\000i\000l\000e\000d\000\040\000D\000e\000s\000c\000r\000i\000p\000t\000i\000o\000n}{section.5.3}% 114
\BOOKMARK [1][-]{section.5.4}{\376\377\0005\000.\0004\000\040\000a\000c\000c\000o\000u\000n\000t\000\137\000d\000a\000s\000h\000b\000o\000a\000r\000d\000.\000h\000\040\000F\000i\000l\000e\000\040\000R\000e\000f\000e\000r\000e\000n\000c\000e}{chapter.5}% 115
\BOOKMARK [2][-]{subsection.5.4.1}{\376\377\0005\000.\0004\000.\0001\000\040\000D\000e\000t\000a\000i\000l\000e\000d\000\040\000D\000e\000s\000c\000r\000i\000p\000t\000i\000o\000n}{section.5.4}% 116
\BOOKMARK [1][-]{section.5.5}{\376\377\0005\000.\0005\000\040\000a\000c\000c\000o\000u\000n\000t\000\137\000s\000i\000d\000e\000b\000a\000r\000.\000c\000p\000p\000\040\000F\000i\000l\000e\000\040\000R\000e\000f\000e\000r\000e\000n\000c\000e}{chapter.5}% 117
\BOOKMARK [2][-]{subsection.5.5.1}{\376\377\0005\000.\0005\000.\0001\000\040\000D\000e\000t\000a\000i\000l\000e\000d\000\040\000D\000e\000s\000c\000r\000i\000p\000t\000i\000o\000n}{section.5.5}% 118
\BOOKMARK [1][-]{section.5.6}{\376\377\0005\000.\0006\000\040\000a\000c\000c\000o\000u\000n\000t\000\137\000s\000i\000d\000e\000b\000a\000r\000.\000h\000\040\000F\000i\000l\000e\000\040\000R\000e\000f\000e\000r\000e\000n\000c\000e}{chapter.5}% 119
\BOOKMARK [2][-]{subsection.5.6.1}{\376\377\0005\000.\0006\000.\0001\000\040\000D\000e\000t\000a\000i\000l\000e\000d\000\040\000D\000e\000s\000c\000r\000i\000p\000t\000i\000o\000n}{section.5.6}% 120
\BOOKMARK [1][-]{section.5.7}{\376\377\0005\000.\0007\000\040\000b\000u\000t\000b\000.\000c\000p\000p\000\040\000F\000i\000l\000e\000\040\000R\000e\000f\000e\000r\000e\000n\000c\000e}{chapter.5}% 121
\BOOKMARK [2][-]{subsection.5.7.1}{\376\377\0005\000.\0007\000.\0001\000\040\000D\000e\000t\000a\000i\000l\000e\000d\000\040\000D\000e\000s\000c\000r\000i\000p\000t\000i\000o\000n}{section.5.7}% 122
\BOOKMARK [1][-]{section.5.8}{\376\377\0005\000.\0008\000\040\000b\000u\000t\000b\000.\000h\000\040\000F\000i\000l\000e\000\040\000R\000e\000f\000e\000r\000e\000n\000c\000e}{chapter.5}% 123
\BOOKMARK [2][-]{subsection.5.8.1}{\376\377\0005\000.\0008\000.\0001\000\040\000D\000e\000t\000a\000i\000l\000e\000d\000\040\000D\000e\000s\000c\000r\000i\000p\000t\000i\000o\000n}{section.5.8}% 124
\BOOKMARK [1][-]{section.5.9}{\376\377\0005\000.\0009\000\040\000b\000u\000t\000b\000l\000a\000c\000k\000.\000c\000p\000p\000\040\000F\000i\000l\000e\000\040\000R\000e\000f\000e\000r\000e\000n\000c\000e}{chapter.5}% 125
\BOOKMARK [2][-]{subsection.5.9.1}{\376\377\0005\000.\0009\000.\0001\000\040\000D\000e\000t\000a\000i\000l\000e\000d\000\040\000D\000e\000s\000c\000r\000i\000p\000t\000i\000o\000n}{section.5.9}% 126
\BOOKMARK [1][-]{section.5.10}{\376\377\0005\000.\0001\0000\000\040\000b\000u\000t\000b\000l\000a\000c\000k\000.\000h\000\040\000F\000i\000l\000e\000\040\000R\000e\000f\000e\000r\000e\000n\000c\000e}{chapter.5}% 127
\BOOKMARK [2][-]{subsection.5.10.1}{\376\377\0005\000.\0001\0000\000.\0001\000\040\000D\000e\000t\000a\000i\000l\000e\000d\000\040\000D\000e\000s\000c\000r\000i\000p\000t\000i\000o\000n}{section.5.10}% 128
\BOOKMARK [1][-]{section.5.11}{\376\377\0005\000.\0001\0001\000\040\000b\000u\000t\000g\000.\000c\000p\000p\000\040\000F\000i\000l\000e\000\040\000R\000e\000f\000e\000r\000e\000n\000c\000e}{chapter.5}% 129
\BOOKMARK [2][-]{subsection.5.11.1}{\376\377\0005\000.\0001\0001\000.\0001\000\040\000D\000e\000t\000a\000i\000l\000e\000d\000\040\000D\000e\000s\000c\000r\000i\000p\000t\000i\000o\000n}{section.5.11}% 130
\BOOKMARK [1][-]{section.5.12}{\376\377\0005\000.\0001\0002\000\040\000b\000u\000t\000g\000.\000h\000\040\000F\000i\000l\000e\000\040\000R\000e\000f\000e\000r\000e\000n\000c\000e}{chapter.5}% 131
\BOOKMARK [2][-]{subsection.5.12.1}{\376\377\0005\000.\0001\0002\000.\0001\000\040\000D\000e\000t\000a\000i\000l\000e\000d\000\040\000D\000e\000s\000c\000r\000i\000p\000t\000i\000o\000n}{section.5.12}% 132
\BOOKMARK [1][-]{section.5.13}{\376\377\0005\000.\0001\0003\000\040\000b\000u\000t\000p\000.\000c\000p\000p\000\040\000F\000i\000l\000e\000\040\000R\000e\000f\000e\000r\000e\000n\000c\000e}{chapter.5}% 133
\BOOKMARK [2][-]{subsection.5.13.1}{\376\377\0005\000.\0001\0003\000.\0001\000\040\000D\000e\000t\000a\000i\000l\000e\000d\000\040\000D\000e\000s\000c\000r\000i\000p\000t\000i\000o\000n}{section.5.13}% 134
\BOOKMARK [1][-]{section.5.14}{\376\377\0005\000.\0001\0004\000\040\000b\000u\000t\000p\000.\000h\000\040\000F\000i\000l\000e\000\040\000R\000e\000f\000e\000r\000e\000n\000c\000e}{chapter.5}% 135
\BOOKMARK [2][-]{subsection.5.14.1}{\376\377\0005\000.\0001\0004\000.\0001\000\040\000D\000e\000t\000a\000i\000l\000e\000d\000\040\000D\000e\000s\000c\000r\000i\000p\000t\000i\000o\000n}{section.5.14}% 136
\BOOKMARK [1][-]{section.5.15}{\376\377\0005\000.\0001\0005\000\040\000g\0001\000\137\000i\000n\000f\000o\000.\000c\000p\000p\000\040\000F\000i\000l\000e\000\040\000R\000e\000f\000e\000r\000e\000n\000c\000e}{chapter.5}% 137
\BOOKMARK [2][-]{subsection.5.15.1}{\376\377\0005\000.\0001\0005\000.\0001\000\040\000D\000e\000t\000a\000i\000l\000e\000d\000\040\000D\000e\000s\000c\000r\000i\000p\000t\000i\000o\000n}{section.5.15}% 138
\BOOKMARK [1][-]{section.5.16}{\376\377\0005\000.\0001\0006\000\040\000g\0001\000\137\000i\000n\000f\000o\000.\000h\000\040\000F\000i\000l\000e\000\040\000R\000e\000f\000e\000r\000e\000n\000c\000e}{chapter.5}% 139
\BOOKMARK [2][-]{subsection.5.16.1}{\376\377\0005\000.\0001\0006\000.\0001\000\040\000D\000e\000t\000a\000i\000l\000e\000d\000\040\000D\000e\000s\000c\000r\000i\000p\000t\000i\000o\000n}{section.5.16}% 140
\BOOKMARK [1][-]{section.5.17}{\376\377\0005\000.\0001\0007\000\040\000g\0001\000\137\000s\000e\000t\000t\000i\000n\000g\000s\000.\000h\000\040\000F\000i\000l\000e\000\040\000R\000e\000f\000e\000r\000e\000n\000c\000e}{chapter.5}% 141
\BOOKMARK [2][-]{subsection.5.17.1}{\376\377\0005\000.\0001\0007\000.\0001\000\040\000D\000e\000t\000a\000i\000l\000e\000d\000\040\000D\000e\000s\000c\000r\000i\000p\000t\000i\000o\000n}{section.5.17}% 142
\BOOKMARK [1][-]{section.5.18}{\376\377\0005\000.\0001\0008\000\040\000g\0001\000\137\000s\000t\000a\000r\000t\000m\000e\000n\000u\000.\000c\000p\000p\000\040\000F\000i\000l\000e\000\040\000R\000e\000f\000e\000r\000e\000n\000c\000e}{chapter.5}% 143
\BOOKMARK [2][-]{subsection.5.18.1}{\376\377\0005\000.\0001\0008\000.\0001\000\040\000D\000e\000t\000a\000i\000l\000e\000d\000\040\000D\000e\000s\000c\000r\000i\000p\000t\000i\000o\000n}{section.5.18}% 144
\BOOKMARK [1][-]{section.5.19}{\376\377\0005\000.\0001\0009\000\040\000g\0001\000\137\000s\000t\000a\000r\000t\000m\000e\000n\000u\000.\000h\000\040\000F\000i\000l\000e\000\040\000R\000e\000f\000e\000r\000e\000n\000c\000e}{chapter.5}% 145
\BOOKMARK [2][-]{subsection.5.19.1}{\376\377\0005\000.\0001\0009\000.\0001\000\040\000D\000e\000t\000a\000i\000l\000e\000d\000\040\000D\000e\000s\000c\000r\000i\000p\000t\000i\000o\000n}{section.5.19}% 146
\BOOKMARK [1][-]{section.5.20}{\376\377\0005\000.\0002\0000\000\040\000g\0002\000\137\000s\000e\000t\000t\000i\000n\000g\000s\000.\000c\000p\000p\000\040\000F\000i\000l\000e\000\040\000R\000e\000f\000e\000r\000e\000n\000c\000e}{chapter.5}% 147
\BOOKMARK [2][-]{subsection.5.20.1}{\376\377\0005\000.\0002\0000\000.\0001\000\040\000D\000e\000t\000a\000i\000l\000e\000d\000\040\000D\000e\000s\000c\000r\000i\000p\000t\000i\000o\000n}{section.5.20}% 148
\BOOKMARK [1][-]{section.5.21}{\376\377\0005\000.\0002\0001\000\040\000g\0002\000\137\000s\000e\000t\000t\000i\000n\000g\000s\000.\000h\000\040\000F\000i\000l\000e\000\040\000R\000e\000f\000e\000r\000e\000n\000c\000e}{chapter.5}% 149
\BOOKMARK [2][-]{subsection.5.21.1}{\376\377\0005\000.\0002\0001\000.\0001\000\040\000D\000e\000t\000a\000i\000l\000e\000d\000\040\000D\000e\000s\000c\000r\000i\000p\000t\000i\000o\000n}{section.5.21}% 150
\BOOKMARK [1][-]{section.5.22}{\376\377\0005\000.\0002\0002\000\040\000g\0002\000\137\000s\000t\000a\000r\000t\000m\000e\000n\000u\000.\000h\000\040\000F\000i\000l\000e\000\040\000R\000e\000f\000e\000r\000e\000n\000c\000e}{chapter.5}% 151
\BOOKMARK [2][-]{subsection.5.22.1}{\376\377\0005\000.\0002\0002\000.\0001\000\040\000D\000e\000t\000a\000i\000l\000e\000d\000\040\000D\000e\000s\000c\000r\000i\000p\000t\000i\000o\000n}{section.5.22}% 152
\BOOKMARK [1][-]{section.5.23}{\376\377\0005\000.\0002\0003\000\040\000j\000s\000o\000n\000h\000a\000n\000d\000l\000e\000r\000.\000c\000p\000p\000\040\000F\000i\000l\000e\000\040\000R\000e\000f\000e\000r\000e\000n\000c\000e}{chapter.5}% 153
\BOOKMARK [2][-]{subsection.5.23.1}{\376\377\0005\000.\0002\0003\000.\0001\000\040\000D\000e\000t\000a\000i\000l\000e\000d\000\040\000D\000e\000s\000c\000r\000i\000p\000t\000i\000o\000n}{section.5.23}% 154
\BOOKMARK [1][-]{section.5.24}{\376\377\0005\000.\0002\0004\000\040\000j\000s\000o\000n\000h\000a\000n\000d\000l\000e\000r\000.\000h\000\040\000F\000i\000l\000e\000\040\000R\000e\000f\000e\000r\000e\000n\000c\000e}{chapter.5}% 155
\BOOKMARK [2][-]{subsection.5.24.1}{\376\377\0005\000.\0002\0004\000.\0001\000\040\000D\000e\000t\000a\000i\000l\000e\000d\000\040\000D\000e\000s\000c\000r\000i\000p\000t\000i\000o\000n}{section.5.24}% 156
\BOOKMARK [1][-]{section.5.25}{\376\377\0005\000.\0002\0005\000\040\000q\000u\000e\000s\000t\000s\000.\000c\000p\000p\000\040\000F\000i\000l\000e\000\040\000R\000e\000f\000e\000r\000e\000n\000c\000e}{chapter.5}% 157
\BOOKMARK [2][-]{subsection.5.25.1}{\376\377\0005\000.\0002\0005\000.\0001\000\040\000D\000e\000t\000a\000i\000l\000e\000d\000\040\000D\000e\000s\000c\000r\000i\000p\000t\000i\000o\000n}{section.5.25}% 158
\BOOKMARK [1][-]{section.5.26}{\376\377\0005\000.\0002\0006\000\040\000q\000u\000e\000s\000t\000s\000.\000h\000\040\000F\000i\000l\000e\000\040\000R\000e\000f\000e\000r\000e\000n\000c\000e}{chapter.5}% 159
\BOOKMARK [2][-]{subsection.5.26.1}{\376\377\0005\000.\0002\0006\000.\0001\000\040\000D\000e\000t\000a\000i\000l\000e\000d\000\040\000D\000e\000s\000c\000r\000i\000p\000t\000i\000o\000n}{section.5.26}% 160
